C:\USERS\USER1\DESKTOP\TEMA2EGC\LAB3\LAB2\DEBUG\DRAWINGWINDOW.OBJ
C:\USERS\USER1\DESKTOP\TEMA2EGC\LAB3\LAB2\DEBUG\TRANSFORM2D.OBJ
C:\USERS\USER1\DESKTOP\TEMA2EGC\LAB3\LAB2\DEBUG\TRANSFORM3D.OBJ
C:\USERS\USER1\DESKTOP\TEMA2EGC\LAB3\LAB2\DEBUG\VISUAL2D.OBJ
C:\USERS\USER1\DESKTOP\TEMA2EGC\LAB3\LAB2\DEBUG\MAIN.OBJ
C:\USERS\USER1\DESKTOP\TEMA2EGC\LAB3\LAB2\DEBUG\VC110.PDB
C:\USERS\USER1\DESKTOP\TEMA2EGC\LAB3\DEBUG\LAB2.ILK
C:\USERS\USER1\DESKTOP\TEMA2EGC\LAB3\DEBUG\LAB2.EXE
C:\USERS\USER1\DESKTOP\TEMA2EGC\LAB3\DEBUG\LAB2.PDB
C:\Users\User1\Desktop\Tema2egc\lab3\lab2\Debug\DrawingWindow.obj
C:\Users\User1\Desktop\Tema2egc\lab3\lab2\Debug\Transform2D.obj
C:\Users\User1\Desktop\Tema2egc\lab3\lab2\Debug\Transform3D.obj
C:\Users\User1\Desktop\Tema2egc\lab3\lab2\Debug\Visual2D.obj
C:\Users\User1\Desktop\Tema2egc\lab3\lab2\Debug\cl.command.1.tlog
C:\Users\User1\Desktop\Tema2egc\lab3\lab2\Debug\CL.read.1.tlog
C:\Users\User1\Desktop\Tema2egc\lab3\lab2\Debug\CL.write.1.tlog
C:\Users\User1\Desktop\Tema2egc\lab3\lab2\Debug\link-cvtres.read.1.tlog
C:\Users\User1\Desktop\Tema2egc\lab3\lab2\Debug\link-cvtres.write.1.tlog
C:\Users\User1\Desktop\Tema2egc\lab3\lab2\Debug\link-rc.read.1.tlog
C:\Users\User1\Desktop\Tema2egc\lab3\lab2\Debug\link-rc.write.1.tlog
C:\Users\User1\Desktop\Tema2egc\lab3\lab2\Debug\link.1868-cvtres.read.1.tlog
C:\Users\User1\Desktop\Tema2egc\lab3\lab2\Debug\link.1868-cvtres.write.1.tlog
C:\Users\User1\Desktop\Tema2egc\lab3\lab2\Debug\link.1868-rc.read.1.tlog
C:\Users\User1\Desktop\Tema2egc\lab3\lab2\Debug\link.1868-rc.write.1.tlog
C:\Users\User1\Desktop\Tema2egc\lab3\lab2\Debug\link.1868.read.1.tlog
C:\Users\User1\Desktop\Tema2egc\lab3\lab2\Debug\link.1868.write.1.tlog
C:\Users\User1\Desktop\Tema2egc\lab3\lab2\Debug\link.2012-cvtres.read.1.tlog
C:\Users\User1\Desktop\Tema2egc\lab3\lab2\Debug\link.2012-cvtres.write.1.tlog
C:\Users\User1\Desktop\Tema2egc\lab3\lab2\Debug\link.2012-rc.read.1.tlog
C:\Users\User1\Desktop\Tema2egc\lab3\lab2\Debug\link.2012-rc.write.1.tlog
C:\Users\User1\Desktop\Tema2egc\lab3\lab2\Debug\link.2012.read.1.tlog
C:\Users\User1\Desktop\Tema2egc\lab3\lab2\Debug\link.2012.write.1.tlog
C:\Users\User1\Desktop\Tema2egc\lab3\lab2\Debug\link.3756-cvtres.read.1.tlog
C:\Users\User1\Desktop\Tema2egc\lab3\lab2\Debug\link.3756-cvtres.write.1.tlog
C:\Users\User1\Desktop\Tema2egc\lab3\lab2\Debug\link.3756-rc.read.1.tlog
C:\Users\User1\Desktop\Tema2egc\lab3\lab2\Debug\link.3756-rc.write.1.tlog
C:\Users\User1\Desktop\Tema2egc\lab3\lab2\Debug\link.3756.read.1.tlog
C:\Users\User1\Desktop\Tema2egc\lab3\lab2\Debug\link.3756.write.1.tlog
C:\Users\User1\Desktop\Tema2egc\lab3\lab2\Debug\link.5452-cvtres.read.1.tlog
C:\Users\User1\Desktop\Tema2egc\lab3\lab2\Debug\link.5452-cvtres.write.1.tlog
C:\Users\User1\Desktop\Tema2egc\lab3\lab2\Debug\link.5452-rc.read.1.tlog
C:\Users\User1\Desktop\Tema2egc\lab3\lab2\Debug\link.5452-rc.write.1.tlog
C:\Users\User1\Desktop\Tema2egc\lab3\lab2\Debug\link.5452.read.1.tlog
C:\Users\User1\Desktop\Tema2egc\lab3\lab2\Debug\link.5452.write.1.tlog
C:\Users\User1\Desktop\Tema2egc\lab3\lab2\Debug\link.6600-cvtres.read.1.tlog
C:\Users\User1\Desktop\Tema2egc\lab3\lab2\Debug\link.6600-cvtres.write.1.tlog
C:\Users\User1\Desktop\Tema2egc\lab3\lab2\Debug\link.6600-rc.read.1.tlog
C:\Users\User1\Desktop\Tema2egc\lab3\lab2\Debug\link.6600-rc.write.1.tlog
C:\Users\User1\Desktop\Tema2egc\lab3\lab2\Debug\link.6600.read.1.tlog
C:\Users\User1\Desktop\Tema2egc\lab3\lab2\Debug\link.6600.write.1.tlog
C:\Users\User1\Desktop\Tema2egc\lab3\lab2\Debug\link.7756-cvtres.read.1.tlog
C:\Users\User1\Desktop\Tema2egc\lab3\lab2\Debug\link.7756-cvtres.write.1.tlog
C:\Users\User1\Desktop\Tema2egc\lab3\lab2\Debug\link.7756-rc.read.1.tlog
C:\Users\User1\Desktop\Tema2egc\lab3\lab2\Debug\link.7756-rc.write.1.tlog
C:\Users\User1\Desktop\Tema2egc\lab3\lab2\Debug\link.7756.read.1.tlog
C:\Users\User1\Desktop\Tema2egc\lab3\lab2\Debug\link.7756.write.1.tlog
C:\Users\User1\Desktop\Tema2egc\lab3\lab2\Debug\link.832-cvtres.read.1.tlog
C:\Users\User1\Desktop\Tema2egc\lab3\lab2\Debug\link.832-cvtres.write.1.tlog
C:\Users\User1\Desktop\Tema2egc\lab3\lab2\Debug\link.832-rc.read.1.tlog
C:\Users\User1\Desktop\Tema2egc\lab3\lab2\Debug\link.832-rc.write.1.tlog
C:\Users\User1\Desktop\Tema2egc\lab3\lab2\Debug\link.832.read.1.tlog
C:\Users\User1\Desktop\Tema2egc\lab3\lab2\Debug\link.832.write.1.tlog
C:\Users\User1\Desktop\Tema2egc\lab3\lab2\Debug\link.9184-cvtres.read.1.tlog
C:\Users\User1\Desktop\Tema2egc\lab3\lab2\Debug\link.9184-cvtres.write.1.tlog
C:\Users\User1\Desktop\Tema2egc\lab3\lab2\Debug\link.9184-rc.read.1.tlog
C:\Users\User1\Desktop\Tema2egc\lab3\lab2\Debug\link.9184-rc.write.1.tlog
C:\Users\User1\Desktop\Tema2egc\lab3\lab2\Debug\link.9184.read.1.tlog
C:\Users\User1\Desktop\Tema2egc\lab3\lab2\Debug\link.9184.write.1.tlog
C:\Users\User1\Desktop\Tema2egc\lab3\lab2\Debug\link.command.1.tlog
C:\Users\User1\Desktop\Tema2egc\lab3\lab2\Debug\link.read.1.tlog
C:\Users\User1\Desktop\Tema2egc\lab3\lab2\Debug\link.write.1.tlog
C:\Users\User1\Desktop\Tema2egc\lab3\lab2\Debug\vc110.idb
C:\Users\User1\Desktop\Tema2egc\lab3\lab2\Debug\vc110.pdb
C:\Users\User1\Desktop\Tema2egc\lab3\Debug\lab2.pdb
C:\Users\User1\Desktop\Tema2egc\lab3\Debug\lab2.exe
C:\Users\User1\Desktop\Tema2egc\lab3\Debug\lab2.ilk
